<?xml version="1.0" encoding="UTF-8"?>
<testng-results skipped="0" failed="0" ignored="0" total="4" passed="4">
  <reporter-output>
  </reporter-output>
  <suite name="Suite" duration-ms="33" started-at="2020-03-03T14:06:43Z" finished-at="2020-03-03T14:06:43Z">
    <groups>
    </groups>
    <test name="Test" duration-ms="33" started-at="2020-03-03T14:06:43Z" finished-at="2020-03-03T14:06:43Z">
      <class name="qaclickacademy.RESTAPITest">
        <test-method status="PASS" signature="deleteTwitter()[pri:0, instance:qaclickacademy.RESTAPITest@54a097cc]" name="deleteTwitter" duration-ms="0" started-at="2020-03-03T15:06:43Z" finished-at="2020-03-03T15:06:43Z">
          <reporter-output>
          </reporter-output>
        </test-method> <!-- deleteTwitter -->
        <test-method status="PASS" signature="postJira()[pri:0, instance:qaclickacademy.RESTAPITest@54a097cc]" name="postJira" duration-ms="0" started-at="2020-03-03T15:06:43Z" finished-at="2020-03-03T15:06:43Z">
          <reporter-output>
          </reporter-output>
        </test-method> <!-- postJira -->
      </class> <!-- qaclickacademy.RESTAPITest -->
      <class name="qaclickacademy.SeleniumTest">
        <test-method status="PASS" signature="BrowserAutomation()[pri:0, instance:qaclickacademy.SeleniumTest@3cbbc1e0]" name="BrowserAutomation" duration-ms="6" started-at="2020-03-03T15:06:43Z" finished-at="2020-03-03T15:06:43Z">
          <reporter-output>
          </reporter-output>
        </test-method> <!-- BrowserAutomation -->
        <test-method status="PASS" signature="elementsUi()[pri:0, instance:qaclickacademy.SeleniumTest@3cbbc1e0]" name="elementsUi" duration-ms="0" started-at="2020-03-03T15:06:43Z" finished-at="2020-03-03T15:06:43Z">
          <reporter-output>
          </reporter-output>
        </test-method> <!-- elementsUi -->
      </class> <!-- qaclickacademy.SeleniumTest -->
    </test> <!-- Test -->
  </suite> <!-- Suite -->
</testng-results>
